[debug] [2022-05-21T23:43:54.488Z] ----------------------------------------------------------------------
[debug] [2022-05-21T23:43:54.490Z] Command:       /usr/bin/node /usr/local/bin/firebase init
[debug] [2022-05-21T23:43:54.490Z] CLI Version:   10.9.2
[debug] [2022-05-21T23:43:54.490Z] Platform:      linux
[debug] [2022-05-21T23:43:54.491Z] Node Version:  v16.15.0
[debug] [2022-05-21T23:43:54.493Z] Time:          Sun May 22 2022 05:43:54 GMT+0600 (Bangladesh Standard Time)
[debug] [2022-05-21T23:43:54.493Z] ----------------------------------------------------------------------
[debug] 
[debug] [2022-05-21T23:43:54.496Z] >>> [apiv2][query] GET https://firebase-public.firebaseio.com/cli.json [none]
[debug] [2022-05-21T23:43:54.517Z] > command requires scopes: ["email","openid","https://www.googleapis.com/auth/cloudplatformprojects.readonly","https://www.googleapis.com/auth/firebase","https://www.googleapis.com/auth/cloud-platform"]
[debug] [2022-05-21T23:43:54.517Z] > authorizing via signed-in user (samiulbasirfahim360@gmail.com)
[info] 
     ######## #### ########  ######## ########     ###     ######  ########
     ##        ##  ##     ## ##       ##     ##  ##   ##  ##       ##
     ######    ##  ########  ######   ########  #########  ######  ######
     ##        ##  ##    ##  ##       ##     ## ##     ##       ## ##
     ##       #### ##     ## ######## ########  ##     ##  ######  ########

You're about to initialize a Firebase project in this directory:

  /home/fahim/projects/assignment-12/client

[debug] [2022-05-21T23:43:55.572Z] <<< [apiv2][status] GET https://firebase-public.firebaseio.com/cli.json 200
[debug] [2022-05-21T23:43:55.572Z] <<< [apiv2][body] GET https://firebase-public.firebaseio.com/cli.json {"cloudBuildErrorAfter":1594252800000,"cloudBuildWarnAfter":1590019200000,"defaultNode10After":1594252800000,"minVersion":"3.0.5","node8DeploysDisabledAfter":1613390400000,"node8RuntimeDisabledAfter":1615809600000,"node8WarnAfter":1600128000000}
